<?xml version="1.0" encoding="UTF-8"?>
<!-- Generated by org.testng.reporters.JUnitReportReporter -->
<testsuite hostname="Workstation-40" failures="0" tests="1" name="TestCases.Configuration_Module.RecipeCookbook_Tab.AUT_CMWeb_DeleteRecipeCookbook" time="100.307" errors="0" timestamp="2021-04-23T13:53:04 SGT" skipped="0">
  <testcase classname="TestCases.Configuration_Module.RecipeCookbook_Tab.AUT_CMWeb_DeleteRecipeCookbook" name="main" time="100.307"/>
  <system-out/>
</testsuite> <!-- TestCases.Configuration_Module.RecipeCookbook_Tab.AUT_CMWeb_DeleteRecipeCookbook -->
