<?xml version="1.0" encoding="UTF-8"?>
<!-- Generated by org.testng.reporters.JUnitReportReporter -->
<testsuite hostname="Workstation-40" failures="0" tests="1" name="TestCases.Recipe_Module.AUT_CMWeb_ViewRecipe" time="22.541" errors="0" timestamp="2021-01-14T13:26:34 SGT" skipped="0">
  <testcase classname="TestCases.Recipe_Module.AUT_CMWeb_ViewRecipe" name="main" time="22.541"/>
  <system-out/>
</testsuite> <!-- TestCases.Recipe_Module.AUT_CMWeb_ViewRecipe -->
