<?xml version="1.0" encoding="UTF-8"?>
<!-- Generated by org.testng.reporters.JUnitReportReporter -->
<testsuite hostname="Workstation-40" failures="0" tests="1" name="TestCases.Merchandise_Module.AUT_CMWeb_CreateNewMerchandise" time="42.624" errors="0" timestamp="2021-01-14T15:06:27 SGT" skipped="0">
  <testcase classname="TestCases.Merchandise_Module.AUT_CMWeb_CreateNewMerchandise" name="main" time="42.624"/>
  <system-out/>
</testsuite> <!-- TestCases.Merchandise_Module.AUT_CMWeb_CreateNewMerchandise -->
