<?xml version="1.0" encoding="UTF-8"?>
<!-- Generated by org.testng.reporters.JUnitReportReporter -->
<testsuite hostname="Workstation-40" failures="0" tests="1" name="TestCases.Menu_Module.AUT_CMWeb_ViewMenu" time="38.211" errors="0" timestamp="2021-03-26T14:54:53 SGT" skipped="0">
  <testcase classname="TestCases.Menu_Module.AUT_CMWeb_ViewMenu" name="main" time="38.211"/>
  <system-out/>
</testsuite> <!-- TestCases.Menu_Module.AUT_CMWeb_ViewMenu -->
