<?xml version="1.0" encoding="UTF-8"?>
<!-- Generated by org.testng.reporters.JUnitReportReporter -->
<testsuite hostname="Workstation-40" failures="0" tests="1" name="TestCases.Menu_Module.AUT_CMWeb_ShoppingListMenu" time="64.315" errors="0" timestamp="2021-04-05T16:45:27 SGT" skipped="0">
  <testcase classname="TestCases.Menu_Module.AUT_CMWeb_ShoppingListMenu" name="main" time="64.315"/>
  <system-out/>
</testsuite> <!-- TestCases.Menu_Module.AUT_CMWeb_ShoppingListMenu -->
