<?xml version="1.0" encoding="UTF-8"?>
<!-- Generated by org.testng.reporters.JUnitReportReporter -->
<testsuite hostname="Workstation-40" failures="0" tests="1" name="TestCases.Menu_Module.AUT_CMWeb_SearchMenu" time="22.712" errors="0" timestamp="2021-03-26T15:20:17 SGT" skipped="0">
  <testcase classname="TestCases.Menu_Module.AUT_CMWeb_SearchMenu" name="main" time="22.712"/>
  <system-out/>
</testsuite> <!-- TestCases.Menu_Module.AUT_CMWeb_SearchMenu -->
