<?xml version="1.0" encoding="UTF-8"?>
<!-- Generated by org.testng.reporters.JUnitReportReporter -->
<testsuite hostname="Workstation-40" failures="0" tests="1" name="TestCases.Configuration_Module.PrintProfile_Tab.AUT_CMWeb_CreatePrintProfile" time="29.177" errors="0" timestamp="2021-01-27T14:04:32 SGT" skipped="0">
  <testcase classname="TestCases.Configuration_Module.PrintProfile_Tab.AUT_CMWeb_CreatePrintProfile" name="main" time="29.177"/>
  <system-out/>
</testsuite> <!-- TestCases.Configuration_Module.PrintProfile_Tab.AUT_CMWeb_CreatePrintProfile -->
