<?xml version="1.0" encoding="UTF-8"?>
<!-- Generated by org.testng.reporters.JUnitReportReporter -->
<testsuite hostname="Workstation-40" failures="0" tests="1" name="TestCases.AUT_CMWeb_DeleteSite" time="24.011" errors="0" timestamp="2021-01-07T11:30:34 SGT" skipped="0">
  <testcase classname="TestCases.AUT_CMWeb_DeleteSite" name="main" time="24.011"/>
  <system-out/>
</testsuite> <!-- TestCases.AUT_CMWeb_DeleteSite -->
