<?xml version="1.0" encoding="UTF-8"?>
<!-- Generated by org.testng.reporters.JUnitReportReporter -->
<testsuite hostname="Workstation-40" failures="0" tests="1" name="TestCases.AUT_CMWeb_SearchMerchandise" time="21.744" errors="0" timestamp="2021-01-06T14:41:54 SGT" skipped="0">
  <testcase classname="TestCases.AUT_CMWeb_SearchMerchandise" name="main" time="21.744"/>
  <system-out/>
</testsuite> <!-- TestCases.AUT_CMWeb_SearchMerchandise -->
