<?xml version="1.0" encoding="UTF-8"?>
<!-- Generated by org.testng.reporters.JUnitReportReporter -->
<testsuite hostname="Workstation-40" failures="0" tests="1" name="TestCases.MainPage_Module.AUT_CMWeb_DownloadManual" time="21.137" errors="0" timestamp="2021-03-31T16:46:35 SGT" skipped="0">
  <testcase classname="TestCases.MainPage_Module.AUT_CMWeb_DownloadManual" name="main" time="21.137"/>
  <system-out/>
</testsuite> <!-- TestCases.MainPage_Module.AUT_CMWeb_DownloadManual -->
