<?xml version="1.0" encoding="UTF-8"?>
<!-- Generated by org.testng.reporters.JUnitReportReporter -->
<testsuite hostname="Workstation-40" failures="0" tests="1" name="TestCases.Configuration_Module.Kiosk_Tab.AUT_CMWeb_DeleteKiosk" time="74.576" errors="0" timestamp="2021-03-22T17:27:35 SGT" skipped="0">
  <testcase classname="TestCases.Configuration_Module.Kiosk_Tab.AUT_CMWeb_DeleteKiosk" name="main" time="74.576"/>
  <system-out/>
</testsuite> <!-- TestCases.Configuration_Module.Kiosk_Tab.AUT_CMWeb_DeleteKiosk -->
