<?xml version="1.0" encoding="UTF-8"?>
<!-- Generated by org.testng.reporters.JUnitReportReporter -->
<testsuite hostname="Workstation-40" failures="0" tests="1" name="TestCases.AUT_CMWeb_SearchRecipe" time="14.890" errors="0" timestamp="2021-01-06T15:00:00 SGT" skipped="0">
  <testcase classname="TestCases.AUT_CMWeb_SearchRecipe" name="main" time="14.890"/>
  <system-out/>
</testsuite> <!-- TestCases.AUT_CMWeb_SearchRecipe -->
