<?xml version="1.0" encoding="UTF-8"?>
<!-- Generated by org.testng.reporters.JUnitReportReporter -->
<testsuite hostname="Workstation-40" failures="0" tests="1" name="TestCases.Configuration_Module.RecipeCookbook_Tab.AUT_CMWeb_CreateNewRecipeCookbook" time="91.060" errors="0" timestamp="2021-04-23T13:32:13 SGT" skipped="0">
  <testcase classname="TestCases.Configuration_Module.RecipeCookbook_Tab.AUT_CMWeb_CreateNewRecipeCookbook" name="main" time="91.060"/>
  <system-out/>
</testsuite> <!-- TestCases.Configuration_Module.RecipeCookbook_Tab.AUT_CMWeb_CreateNewRecipeCookbook -->
