<?xml version="1.0" encoding="UTF-8"?>
<!-- Generated by org.testng.reporters.JUnitReportReporter -->
<testsuite hostname="Workstation-40" failures="0" tests="1" name="TestCases.Configuration_Module.ProductionLoc_Tab.AUT_CMWeb_EditProductionLocation" time="67.137" errors="0" timestamp="2021-03-09T15:34:59 SGT" skipped="0">
  <testcase classname="TestCases.Configuration_Module.ProductionLoc_Tab.AUT_CMWeb_EditProductionLocation" name="main" time="67.137"/>
  <system-out/>
</testsuite> <!-- TestCases.Configuration_Module.ProductionLoc_Tab.AUT_CMWeb_EditProductionLocation -->
