<?xml version="1.0" encoding="UTF-8"?>
<!-- Generated by org.testng.reporters.JUnitReportReporter -->
<testsuite hostname="Workstation-40" failures="0" tests="1" name="TestCases.Configuration_Module.Keyword_Tab.AUT_CMWeb_Merchandise_ModifyKeyword" time="67.665" errors="0" timestamp="2021-01-19T08:42:26 SGT" skipped="0">
  <testcase classname="TestCases.Configuration_Module.Keyword_Tab.AUT_CMWeb_Merchandise_ModifyKeyword" name="main" time="67.665"/>
  <system-out/>
</testsuite> <!-- TestCases.Configuration_Module.Keyword_Tab.AUT_CMWeb_Merchandise_ModifyKeyword -->
