<?xml version="1.0" encoding="UTF-8"?>
<!-- Generated by org.testng.reporters.JUnitReportReporter -->
<testsuite hostname="Workstation-40" failures="0" tests="1" name="TestCases.Configuration_Module.Notes_Tab.AUT_CMWeb_SearchRecipeNotes" time="65.436" errors="0" timestamp="2021-03-10T17:06:06 SGT" skipped="0">
  <testcase classname="TestCases.Configuration_Module.Notes_Tab.AUT_CMWeb_SearchRecipeNotes" name="main" time="65.436"/>
  <system-out/>
</testsuite> <!-- TestCases.Configuration_Module.Notes_Tab.AUT_CMWeb_SearchRecipeNotes -->
