<?xml version="1.0" encoding="UTF-8"?>
<!-- Generated by org.testng.reporters.JUnitReportReporter -->
<testsuite hostname="Workstation-40" failures="0" tests="1" name="TestCases.Configuration_Module.Notes_Tab.AUT_CMWeb_EditRecipeNotes" time="81.238" errors="0" timestamp="2021-03-11T15:20:40 SGT" skipped="0">
  <testcase classname="TestCases.Configuration_Module.Notes_Tab.AUT_CMWeb_EditRecipeNotes" name="main" time="81.238"/>
  <system-out/>
</testsuite> <!-- TestCases.Configuration_Module.Notes_Tab.AUT_CMWeb_EditRecipeNotes -->
