<?xml version="1.0" encoding="UTF-8"?>
<!-- Generated by org.testng.reporters.JUnitReportReporter -->
<testsuite hostname="Workstation-40" failures="0" tests="1" name="TestCases.Configuration_Module.RecipeTime_Tab.AUT_CMWeb_DeleteRecipeTime" time="88.915" errors="0" timestamp="2021-03-02T13:22:02 SGT" skipped="0">
  <testcase classname="TestCases.Configuration_Module.RecipeTime_Tab.AUT_CMWeb_DeleteRecipeTime" name="main" time="88.915"/>
  <system-out/>
</testsuite> <!-- TestCases.Configuration_Module.RecipeTime_Tab.AUT_CMWeb_DeleteRecipeTime -->
