<?xml version="1.0" encoding="UTF-8"?>
<!-- Generated by org.testng.reporters.JUnitReportReporter -->
<testsuite hostname="Workstation-40" failures="0" tests="1" name="TestCases.Configuration_Module.User_Tab.AUT_CMWeb_DeleteUser" time="32.445" errors="0" timestamp="2021-01-18T11:24:35 SGT" skipped="0">
  <testcase classname="TestCases.Configuration_Module.User_Tab.AUT_CMWeb_DeleteUser" name="main" time="32.445"/>
  <system-out/>
</testsuite> <!-- TestCases.Configuration_Module.User_Tab.AUT_CMWeb_DeleteUser -->
