<?xml version="1.0" encoding="UTF-8"?>
<!-- Generated by org.testng.reporters.JUnitReportReporter -->
<testsuite hostname="Workstation-40" failures="0" tests="1" name="TestCases.Configuration_Module.MerchandiseSupplier_Tab.AUT_CMWeb_CreateNewMerchSupplier" time="157.131" errors="0" timestamp="2021-04-16T14:59:38 SGT" skipped="0">
  <testcase classname="TestCases.Configuration_Module.MerchandiseSupplier_Tab.AUT_CMWeb_CreateNewMerchSupplier" name="main" time="157.131"/>
  <system-out/>
</testsuite> <!-- TestCases.Configuration_Module.MerchandiseSupplier_Tab.AUT_CMWeb_CreateNewMerchSupplier -->
