<?xml version="1.0" encoding="UTF-8"?>
<!-- Generated by org.testng.reporters.JUnitReportReporter -->
<testsuite hostname="Workstation-40" failures="0" tests="1" name="TestCases.Configuration_Module.Keyword_Tab.AUT_CMWeb_Recipe_DeleteKeyword" time="77.873" errors="0" timestamp="2021-01-21T16:30:36 SGT" skipped="0">
  <testcase classname="TestCases.Configuration_Module.Keyword_Tab.AUT_CMWeb_Recipe_DeleteKeyword" name="main" time="77.873"/>
  <system-out/>
</testsuite> <!-- TestCases.Configuration_Module.Keyword_Tab.AUT_CMWeb_Recipe_DeleteKeyword -->
