<?xml version="1.0" encoding="UTF-8"?>
<!-- Generated by org.testng.reporters.JUnitReportReporter -->
<testsuite hostname="Workstation-40" failures="0" tests="1" name="TestCases.Configuration_Module.Property_Tab.AUT_CMWeb_DeleteProperty" time="36.845" errors="0" timestamp="2021-03-24T17:03:51 SGT" skipped="0">
  <testcase classname="TestCases.Configuration_Module.Property_Tab.AUT_CMWeb_DeleteProperty" name="main" time="36.845"/>
  <system-out/>
</testsuite> <!-- TestCases.Configuration_Module.Property_Tab.AUT_CMWeb_DeleteProperty -->
