<?xml version="1.0" encoding="UTF-8"?>
<!-- Generated by org.testng.reporters.JUnitReportReporter -->
<testsuite hostname="Workstation-40" failures="0" tests="1" name="TestCases.MenuPlan_Module.AUT_CMWeb_EditMenuPlanService" time="71.144" errors="0" timestamp="2021-05-17T10:41:02 SGT" skipped="0">
  <testcase classname="TestCases.MenuPlan_Module.AUT_CMWeb_EditMenuPlanService" name="main" time="71.144"/>
  <system-out/>
</testsuite> <!-- TestCases.MenuPlan_Module.AUT_CMWeb_EditMenuPlanService -->
