<?xml version="1.0" encoding="UTF-8"?>
<!-- Generated by org.testng.reporters.JUnitReportReporter -->
<testsuite hostname="Workstation-40" failures="0" tests="1" name="TestCases.Configuration_Module.PrintProfile_Tab.AUT_CMWeb_DeletePrintProfile" time="25.964" errors="0" timestamp="2021-01-27T15:00:43 SGT" skipped="0">
  <testcase classname="TestCases.Configuration_Module.PrintProfile_Tab.AUT_CMWeb_DeletePrintProfile" name="main" time="25.964"/>
  <system-out/>
</testsuite> <!-- TestCases.Configuration_Module.PrintProfile_Tab.AUT_CMWeb_DeletePrintProfile -->
