<?xml version="1.0" encoding="UTF-8"?>
<!-- Generated by org.testng.reporters.JUnitReportReporter -->
<testsuite hostname="Workstation-40" failures="0" tests="1" name="TestCases.MainPage_Module.AUT_CMWeb_ViewHelpSupport" time="18.647" errors="0" timestamp="2021-03-31T13:55:23 SGT" skipped="0">
  <testcase classname="TestCases.MainPage_Module.AUT_CMWeb_ViewHelpSupport" name="main" time="18.647"/>
  <system-out/>
</testsuite> <!-- TestCases.MainPage_Module.AUT_CMWeb_ViewHelpSupport -->
