<?xml version="1.0" encoding="UTF-8"?>
<!-- Generated by org.testng.reporters.JUnitReportReporter -->
<testsuite hostname="Workstation-40" failures="0" tests="1" name="TestCases.Configuration_Module.RecipeTime_Tab.AUT_CMWeb_CreateNewRecipeTime" time="94.628" errors="0" timestamp="2021-02-26T14:17:54 SGT" skipped="0">
  <testcase classname="TestCases.Configuration_Module.RecipeTime_Tab.AUT_CMWeb_CreateNewRecipeTime" name="main" time="94.628"/>
  <system-out/>
</testsuite> <!-- TestCases.Configuration_Module.RecipeTime_Tab.AUT_CMWeb_CreateNewRecipeTime -->
