<?xml version="1.0" encoding="UTF-8"?>
<!-- Generated by org.testng.reporters.JUnitReportReporter -->
<testsuite hostname="Workstation-40" failures="0" tests="1" name="TestCases.Merchandise_Module.AUT_CMWeb_SearchMerchandise" time="31.240" errors="0" timestamp="2021-02-03T14:23:50 SGT" skipped="0">
  <testcase classname="TestCases.Merchandise_Module.AUT_CMWeb_SearchMerchandise" name="main" time="31.240"/>
  <system-out/>
</testsuite> <!-- TestCases.Merchandise_Module.AUT_CMWeb_SearchMerchandise -->
