<?xml version="1.0" encoding="UTF-8"?>
<!-- Generated by org.testng.reporters.JUnitReportReporter -->
<testsuite hostname="Workstation-40" failures="0" tests="1" name="TestCases.Configuration_Module.Keyword_Tab.AUT_CMWeb_Merchandise_NewKeyword" time="49.265" errors="0" timestamp="2021-01-13T11:27:47 SGT" skipped="0">
  <testcase classname="TestCases.Configuration_Module.Keyword_Tab.AUT_CMWeb_Merchandise_NewKeyword" name="main" time="49.265"/>
  <system-out/>
</testsuite> <!-- TestCases.Configuration_Module.Keyword_Tab.AUT_CMWeb_Merchandise_NewKeyword -->
