<?xml version="1.0" encoding="UTF-8"?>
<!-- Generated by org.testng.reporters.JUnitReportReporter -->
<testsuite hostname="Workstation-40" failures="0" tests="1" name="TestCases.Configuration_Module.Source_Tab.AUT_CMWeb_EditRecipeSource" time="91.140" errors="0" timestamp="2021-03-04T16:32:18 SGT" skipped="0">
  <testcase classname="TestCases.Configuration_Module.Source_Tab.AUT_CMWeb_EditRecipeSource" name="main" time="91.140"/>
  <system-out/>
</testsuite> <!-- TestCases.Configuration_Module.Source_Tab.AUT_CMWeb_EditRecipeSource -->
