<?xml version="1.0" encoding="UTF-8"?>
<!-- Generated by org.testng.reporters.JUnitReportReporter -->
<testsuite hostname="Workstation-40" failures="0" tests="1" name="TestCases.AUT_CMWeb_AddRole" time="23.621" errors="0" timestamp="2021-01-06T15:40:19 SGT" skipped="0">
  <testcase classname="TestCases.AUT_CMWeb_AddRole" name="main" time="23.621"/>
  <system-out/>
</testsuite> <!-- TestCases.AUT_CMWeb_AddRole -->
