<?xml version="1.0" encoding="UTF-8"?>
<!-- Generated by org.testng.reporters.JUnitReportReporter -->
<testsuite hostname="Workstation-40" failures="0" tests="1" name="TestCases.Configuration_Module.Notes_Tab.AUT_CMWeb_DeleteRecipeNotes" time="106.371" errors="0" timestamp="2021-03-11T15:55:14 SGT" skipped="0">
  <testcase classname="TestCases.Configuration_Module.Notes_Tab.AUT_CMWeb_DeleteRecipeNotes" name="main" time="106.371"/>
  <system-out/>
</testsuite> <!-- TestCases.Configuration_Module.Notes_Tab.AUT_CMWeb_DeleteRecipeNotes -->
