<?xml version="1.0" encoding="UTF-8"?>
<!-- Generated by org.testng.reporters.JUnitReportReporter -->
<testsuite hostname="Workstation-40" failures="0" tests="1" name="TestCases.Configuration_Module.User_Tab.AUT_CMWeb_DeleteUser" time="30.452" errors="0" timestamp="2021-01-11T11:39:50 SGT" skipped="0">
  <testcase classname="TestCases.Configuration_Module.User_Tab.AUT_CMWeb_DeleteUser" name="main" time="30.452"/>
  <system-out/>
</testsuite> <!-- TestCases.Configuration_Module.User_Tab.AUT_CMWeb_DeleteUser -->
