<?xml version="1.0" encoding="UTF-8"?>
<!-- Generated by org.testng.reporters.JUnitReportReporter -->
<testsuite hostname="Workstation-40" failures="0" tests="1" name="TestCases.Configuration_Module.Brand_Tab.AUT_CMWeb_CreateNewMerchandiseBrand" time="113.185" errors="0" timestamp="2021-02-10T15:48:36 SGT" skipped="0">
  <testcase classname="TestCases.Configuration_Module.Brand_Tab.AUT_CMWeb_CreateNewMerchandiseBrand" name="main" time="113.185"/>
  <system-out/>
</testsuite> <!-- TestCases.Configuration_Module.Brand_Tab.AUT_CMWeb_CreateNewMerchandiseBrand -->
