<?xml version="1.0" encoding="UTF-8"?>
<!-- Generated by org.testng.reporters.JUnitReportReporter -->
<testsuite hostname="Workstation-40" failures="0" tests="1" name="TestCases.Merchandise_Module.AUT_CMWeb_ViewMerchandise" time="22.071" errors="0" timestamp="2021-01-14T15:27:21 SGT" skipped="0">
  <testcase classname="TestCases.Merchandise_Module.AUT_CMWeb_ViewMerchandise" name="main" time="22.071"/>
  <system-out/>
</testsuite> <!-- TestCases.Merchandise_Module.AUT_CMWeb_ViewMerchandise -->
