<?xml version="1.0" encoding="UTF-8"?>
<!-- Generated by org.testng.reporters.JUnitReportReporter -->
<testsuite hostname="Workstation-40" failures="0" tests="1" name="TestCases.Configuration_Module.Translation_Tab.AUT_CMWeb_SearchTranslation" time="36.130" errors="0" timestamp="2021-04-15T09:50:25 SGT" skipped="0">
  <testcase classname="TestCases.Configuration_Module.Translation_Tab.AUT_CMWeb_SearchTranslation" name="main" time="36.130"/>
  <system-out/>
</testsuite> <!-- TestCases.Configuration_Module.Translation_Tab.AUT_CMWeb_SearchTranslation -->
