<?xml version="1.0" encoding="UTF-8"?>
<!-- Generated by org.testng.reporters.JUnitReportReporter -->
<testsuite hostname="Workstation-40" failures="0" tests="1" name="TestCases.Configuration_Module.Category_Tab.AUT_CMWeb_Menu_ModifyCategory" time="76.935" errors="0" timestamp="2021-02-18T15:20:11 SGT" skipped="0">
  <testcase classname="TestCases.Configuration_Module.Category_Tab.AUT_CMWeb_Menu_ModifyCategory" name="main" time="76.935"/>
  <system-out/>
</testsuite> <!-- TestCases.Configuration_Module.Category_Tab.AUT_CMWeb_Menu_ModifyCategory -->
