<?xml version="1.0" encoding="UTF-8"?>
<!-- Generated by org.testng.reporters.JUnitReportReporter -->
<testsuite hostname="Workstation-40" failures="0" tests="1" name="TestCases.Merchandise_Module.AUT_CMWeb_SearchMerchandise" time="20.571" errors="0" timestamp="2021-01-07T15:39:28 SGT" skipped="0">
  <testcase classname="TestCases.Merchandise_Module.AUT_CMWeb_SearchMerchandise" name="main" time="20.571"/>
  <system-out/>
</testsuite> <!-- TestCases.Merchandise_Module.AUT_CMWeb_SearchMerchandise -->
