<?xml version="1.0" encoding="UTF-8"?>
<!-- Generated by org.testng.reporters.JUnitReportReporter -->
<testsuite hostname="Workstation-40" failures="0" tests="1" name="TestCases.Configuration_Module.Source_Tab.AUT_CMWeb_SearchRecipeSource" time="67.545" errors="0" timestamp="2021-03-03T15:15:36 SGT" skipped="0">
  <testcase classname="TestCases.Configuration_Module.Source_Tab.AUT_CMWeb_SearchRecipeSource" name="main" time="67.545"/>
  <system-out/>
</testsuite> <!-- TestCases.Configuration_Module.Source_Tab.AUT_CMWeb_SearchRecipeSource -->
