<?xml version="1.0" encoding="UTF-8"?>
<!-- Generated by org.testng.reporters.JUnitReportReporter -->
<testsuite hostname="Workstation-40" failures="0" tests="1" name="TestCases.Configuration_Module.Category_Tab.AUT_CMWeb_Recipe_SearchCategory" time="61.751" errors="0" timestamp="2021-02-19T14:45:32 SGT" skipped="0">
  <testcase classname="TestCases.Configuration_Module.Category_Tab.AUT_CMWeb_Recipe_SearchCategory" name="main" time="61.751"/>
  <system-out/>
</testsuite> <!-- TestCases.Configuration_Module.Category_Tab.AUT_CMWeb_Recipe_SearchCategory -->
