<?xml version="1.0" encoding="UTF-8"?>
<!-- Generated by org.testng.reporters.JUnitReportReporter -->
<testsuite hostname="Workstation-40" failures="0" tests="1" name="TestCases.Configuration_Module.AutoNumbering_Tab.AUT_CMWeb_ActivateMenuAutoNum" time="28.672" errors="0" timestamp="2021-04-15T11:48:17 SGT" skipped="0">
  <testcase classname="TestCases.Configuration_Module.AutoNumbering_Tab.AUT_CMWeb_ActivateMenuAutoNum" name="main" time="28.672"/>
  <system-out/>
</testsuite> <!-- TestCases.Configuration_Module.AutoNumbering_Tab.AUT_CMWeb_ActivateMenuAutoNum -->
