<?xml version="1.0" encoding="UTF-8"?>
<!-- Generated by org.testng.reporters.JUnitReportReporter -->
<testsuite hostname="Workstation-40" failures="0" tests="1" name="TestCases.Configuration_Module.TaxRates_Tab.AUT_CMWeb_SearchTaxRates" time="63.779" errors="0" timestamp="2021-02-08T10:53:46 SGT" skipped="0">
  <testcase classname="TestCases.Configuration_Module.TaxRates_Tab.AUT_CMWeb_SearchTaxRates" name="main" time="63.779"/>
  <system-out/>
</testsuite> <!-- TestCases.Configuration_Module.TaxRates_Tab.AUT_CMWeb_SearchTaxRates -->
