<?xml version="1.0" encoding="UTF-8"?>
<!-- Generated by org.testng.reporters.JUnitReportReporter -->
<testsuite hostname="Workstation-40" failures="0" tests="1" name="TestCases.Configuration_Module.Category_Tab.AUT_CMWeb_Menu_NewCategory" time="67.272" errors="0" timestamp="2021-02-17T13:11:34 SGT" skipped="0">
  <testcase classname="TestCases.Configuration_Module.Category_Tab.AUT_CMWeb_Menu_NewCategory" name="main" time="67.272"/>
  <system-out/>
</testsuite> <!-- TestCases.Configuration_Module.Category_Tab.AUT_CMWeb_Menu_NewCategory -->
