<?xml version="1.0" encoding="UTF-8"?>
<!-- Generated by org.testng.reporters.JUnitReportReporter -->
<testsuite hostname="Workstation-40" failures="0" tests="1" name="TestCases.Configuration_Module.MerchandisePrefix_Tab.AUT_CMWeb_SearchMerchPrefix" time="61.721" errors="0" timestamp="2021-04-16T16:06:12 SGT" skipped="0">
  <testcase classname="TestCases.Configuration_Module.MerchandisePrefix_Tab.AUT_CMWeb_SearchMerchPrefix" name="main" time="61.721"/>
  <system-out/>
</testsuite> <!-- TestCases.Configuration_Module.MerchandisePrefix_Tab.AUT_CMWeb_SearchMerchPrefix -->
