<?xml version="1.0" encoding="UTF-8"?>
<!-- Generated by org.testng.reporters.JUnitReportReporter -->
<testsuite hostname="Workstation-40" failures="0" tests="1" name="TestCases.Configuration_Module.Translation_Tab.AUT_CMWeb_CreateTranslation" time="34.629" errors="0" timestamp="2021-02-01T10:55:23 SGT" skipped="0">
  <testcase classname="TestCases.Configuration_Module.Translation_Tab.AUT_CMWeb_CreateTranslation" name="main" time="34.629"/>
  <system-out/>
</testsuite> <!-- TestCases.Configuration_Module.Translation_Tab.AUT_CMWeb_CreateTranslation -->
