<?xml version="1.0" encoding="UTF-8"?>
<!-- Generated by org.testng.reporters.JUnitReportReporter -->
<testsuite hostname="Workstation-40" failures="0" tests="1" name="TestCases.Configuration_Module.MerchandisePrefix_Tab.AUT_CMWeb_CreateNewMerchPrefix" time="89.378" errors="0" timestamp="2021-04-16T16:04:32 SGT" skipped="0">
  <testcase classname="TestCases.Configuration_Module.MerchandisePrefix_Tab.AUT_CMWeb_CreateNewMerchPrefix" name="main" time="89.378"/>
  <system-out/>
</testsuite> <!-- TestCases.Configuration_Module.MerchandisePrefix_Tab.AUT_CMWeb_CreateNewMerchPrefix -->
