<?xml version="1.0" encoding="UTF-8"?>
<!-- Generated by org.testng.reporters.JUnitReportReporter -->
<testsuite hostname="Workstation-40" failures="0" tests="1" name="TestCases.Configuration_Module.MerchandisePrefix_Tab.AUT_CMWeb_EditMerchPrefix" time="67.462" errors="0" timestamp="2021-04-16T16:11:51 SGT" skipped="0">
  <testcase classname="TestCases.Configuration_Module.MerchandisePrefix_Tab.AUT_CMWeb_EditMerchPrefix" name="main" time="67.462"/>
  <system-out/>
</testsuite> <!-- TestCases.Configuration_Module.MerchandisePrefix_Tab.AUT_CMWeb_EditMerchPrefix -->
