<?xml version="1.0" encoding="UTF-8"?>
<!-- Generated by org.testng.reporters.JUnitReportReporter -->
<testsuite hostname="Workstation-40" failures="0" tests="1" name="TestCases.Configuration_Module.Role_Tab.AUT_CMWeb_DeleteRole" time="32.425" errors="0" timestamp="2021-01-15T15:57:22 SGT" skipped="0">
  <testcase classname="TestCases.Configuration_Module.Role_Tab.AUT_CMWeb_DeleteRole" name="main" time="32.425"/>
  <system-out/>
</testsuite> <!-- TestCases.Configuration_Module.Role_Tab.AUT_CMWeb_DeleteRole -->
