<?xml version="1.0" encoding="UTF-8"?>
<!-- Generated by org.testng.reporters.JUnitReportReporter -->
<testsuite hostname="Workstation-40" failures="0" tests="1" name="TestCases.Configuration_Module.RecipeCertification_Tab.AUT_CMWeb_SearchRecipeCertification" time="69.034" errors="0" timestamp="2021-03-16T17:29:30 SGT" skipped="0">
  <testcase classname="TestCases.Configuration_Module.RecipeCertification_Tab.AUT_CMWeb_SearchRecipeCertification" name="main" time="69.034"/>
  <system-out/>
</testsuite> <!-- TestCases.Configuration_Module.RecipeCertification_Tab.AUT_CMWeb_SearchRecipeCertification -->
