<?xml version="1.0" encoding="UTF-8"?>
<!-- Generated by org.testng.reporters.JUnitReportReporter -->
<testsuite hostname="Workstation-40" failures="0" tests="1" name="TestCases.AUT_CMWeb_SearchRecipe" time="13.808" errors="0" timestamp="2021-01-07T11:51:10 SGT" skipped="0">
  <testcase classname="TestCases.AUT_CMWeb_SearchRecipe" name="main" time="13.808"/>
  <system-out/>
</testsuite> <!-- TestCases.AUT_CMWeb_SearchRecipe -->
