<?xml version="1.0" encoding="UTF-8"?>
<!-- Generated by org.testng.reporters.JUnitReportReporter -->
<testsuite hostname="Workstation-40" failures="0" tests="1" name="TestCases.Configuration_Module.PurchasingSet_Tab.AUT_CMWeb_EditPurchasingSetofPrice" time="107.825" errors="0" timestamp="2021-02-04T15:13:31 SGT" skipped="0">
  <testcase classname="TestCases.Configuration_Module.PurchasingSet_Tab.AUT_CMWeb_EditPurchasingSetofPrice" name="main" time="107.825"/>
  <system-out/>
</testsuite> <!-- TestCases.Configuration_Module.PurchasingSet_Tab.AUT_CMWeb_EditPurchasingSetofPrice -->
