<?xml version="1.0" encoding="UTF-8"?>
<!-- Generated by org.testng.reporters.JUnitReportReporter -->
<testsuite hostname="Workstation-40" failures="0" tests="1" name="TestCases.Configuration_Module.Role_Tab.AUT_CMWeb_DeleteRole" time="51.071" errors="0" timestamp="2021-04-05T14:02:28 SGT" skipped="0">
  <testcase classname="TestCases.Configuration_Module.Role_Tab.AUT_CMWeb_DeleteRole" name="main" time="51.071"/>
  <system-out/>
</testsuite> <!-- TestCases.Configuration_Module.Role_Tab.AUT_CMWeb_DeleteRole -->
