<?xml version="1.0" encoding="UTF-8"?>
<!-- Generated by org.testng.reporters.JUnitReportReporter -->
<testsuite hostname="Workstation-40" failures="0" tests="1" name="TestCases.Configuration_Module.PackagingMethod_Tab.AUT_CMWeb_DeleteRecipePackagingMethod" time="73.536" errors="0" timestamp="2021-03-15T16:13:17 SGT" skipped="0">
  <testcase classname="TestCases.Configuration_Module.PackagingMethod_Tab.AUT_CMWeb_DeleteRecipePackagingMethod" name="main" time="73.536"/>
  <system-out/>
</testsuite> <!-- TestCases.Configuration_Module.PackagingMethod_Tab.AUT_CMWeb_DeleteRecipePackagingMethod -->
