<?xml version="1.0" encoding="UTF-8"?>
<!-- Generated by org.testng.reporters.JUnitReportReporter -->
<testsuite hostname="Workstation-40" failures="0" tests="1" name="TestCases.Configuration_Module.Publication_Tab.AUT_CMWeb_DeleteRecipePublication" time="75.857" errors="0" timestamp="2021-02-25T10:29:58 SGT" skipped="0">
  <testcase classname="TestCases.Configuration_Module.Publication_Tab.AUT_CMWeb_DeleteRecipePublication" name="main" time="75.857"/>
  <system-out/>
</testsuite> <!-- TestCases.Configuration_Module.Publication_Tab.AUT_CMWeb_DeleteRecipePublication -->
