<?xml version="1.0" encoding="UTF-8"?>
<!-- Generated by org.testng.reporters.JUnitReportReporter -->
<testsuite hostname="Workstation-40" failures="0" tests="1" name="TestCases.Recipe_Module.AUT_CMWeb_SearchRecipe" time="21.515" errors="0" timestamp="2021-01-14T11:42:47 SGT" skipped="0">
  <testcase classname="TestCases.Recipe_Module.AUT_CMWeb_SearchRecipe" name="main" time="21.515"/>
  <system-out/>
</testsuite> <!-- TestCases.Recipe_Module.AUT_CMWeb_SearchRecipe -->
