<?xml version="1.0" encoding="UTF-8"?>
<!-- Generated by org.testng.reporters.JUnitReportReporter -->
<testsuite hostname="Workstation-40" failures="0" tests="1" name="TestCases.Configuration_Module.MerchandisePrefix_Tab.AUT_CMWeb_DeleteMerchPrefix" time="71.506" errors="0" timestamp="2021-04-16T16:13:51 SGT" skipped="0">
  <testcase classname="TestCases.Configuration_Module.MerchandisePrefix_Tab.AUT_CMWeb_DeleteMerchPrefix" name="main" time="71.506"/>
  <system-out/>
</testsuite> <!-- TestCases.Configuration_Module.MerchandisePrefix_Tab.AUT_CMWeb_DeleteMerchPrefix -->
