<?xml version="1.0" encoding="UTF-8"?>
<!-- Generated by org.testng.reporters.JUnitReportReporter -->
<testsuite hostname="Workstation-40" failures="0" tests="1" name="TestCases.Configuration_Module.NutrientSet_Tab.AUT_CMWeb_CreateNutrientSet" time="50.859" errors="0" timestamp="2021-04-05T14:13:45 SGT" skipped="0">
  <testcase classname="TestCases.Configuration_Module.NutrientSet_Tab.AUT_CMWeb_CreateNutrientSet" name="main" time="50.859"/>
  <system-out/>
</testsuite> <!-- TestCases.Configuration_Module.NutrientSet_Tab.AUT_CMWeb_CreateNutrientSet -->
