<?xml version="1.0" encoding="UTF-8"?>
<!-- Generated by org.testng.reporters.JUnitReportReporter -->
<testsuite hostname="Workstation-40" failures="0" tests="1" name="TestCases.Configuration_Module.Property_Tab.AUT_CMWeb_SearchProperty" time="23.678" errors="0" timestamp="2021-03-24T17:01:38 SGT" skipped="0">
  <testcase classname="TestCases.Configuration_Module.Property_Tab.AUT_CMWeb_SearchProperty" name="main" time="23.678"/>
  <system-out/>
</testsuite> <!-- TestCases.Configuration_Module.Property_Tab.AUT_CMWeb_SearchProperty -->
