<?xml version="1.0" encoding="UTF-8"?>
<!-- Generated by org.testng.reporters.JUnitReportReporter -->
<testsuite hostname="Workstation-40" failures="0" tests="1" name="TestCases.Menu_Module.AUT_CMWeb_CreateNewMenu" time="53.476" errors="0" timestamp="2021-03-26T14:24:13 SGT" skipped="0">
  <testcase classname="TestCases.Menu_Module.AUT_CMWeb_CreateNewMenu" name="main" time="53.476"/>
  <system-out/>
</testsuite> <!-- TestCases.Menu_Module.AUT_CMWeb_CreateNewMenu -->
