<?xml version="1.0" encoding="UTF-8"?>
<!-- Generated by org.testng.reporters.JUnitReportReporter -->
<testsuite hostname="Workstation-40" failures="0" tests="1" name="TestCases.MenuPlan_Module.AUT_CMWeb_SearchMenuPlan" time="82.493" errors="0" timestamp="2021-03-30T15:19:19 SGT" skipped="0">
  <testcase classname="TestCases.MenuPlan_Module.AUT_CMWeb_SearchMenuPlan" name="main" time="82.493"/>
  <system-out/>
</testsuite> <!-- TestCases.MenuPlan_Module.AUT_CMWeb_SearchMenuPlan -->
