<?xml version="1.0" encoding="UTF-8"?>
<!-- Generated by org.testng.reporters.JUnitReportReporter -->
<testsuite hostname="Workstation-40" failures="0" tests="1" name="TestCases.AUT_CMWeb_SearchMerchandise" time="14.255" errors="0" timestamp="2021-01-07T09:57:45 SGT" skipped="0">
  <testcase classname="TestCases.AUT_CMWeb_SearchMerchandise" name="main" time="14.255"/>
  <system-out/>
</testsuite> <!-- TestCases.AUT_CMWeb_SearchMerchandise -->
