<?xml version="1.0" encoding="UTF-8"?>
<!-- Generated by org.testng.reporters.JUnitReportReporter -->
<testsuite hostname="Workstation-40" failures="0" tests="1" name="TestCases.Configuration_Module.Notes_Tab.AUT_CMWeb_CreateNewRecipeNotes" time="97.874" errors="0" timestamp="2021-03-10T16:56:25 SGT" skipped="0">
  <testcase classname="TestCases.Configuration_Module.Notes_Tab.AUT_CMWeb_CreateNewRecipeNotes" name="main" time="97.874"/>
  <system-out/>
</testsuite> <!-- TestCases.Configuration_Module.Notes_Tab.AUT_CMWeb_CreateNewRecipeNotes -->
