<?xml version="1.0" encoding="UTF-8"?>
<!-- Generated by org.testng.reporters.JUnitReportReporter -->
<testsuite hostname="Workstation-40" failures="0" tests="1" name="TestCases.Configuration_Module.PackagingMethod_Tab.AUT_CMWeb_EditRecipePackagingMethod" time="73.768" errors="0" timestamp="2021-03-15T14:55:22 SGT" skipped="0">
  <testcase classname="TestCases.Configuration_Module.PackagingMethod_Tab.AUT_CMWeb_EditRecipePackagingMethod" name="main" time="73.768"/>
  <system-out/>
</testsuite> <!-- TestCases.Configuration_Module.PackagingMethod_Tab.AUT_CMWeb_EditRecipePackagingMethod -->
