<?xml version="1.0" encoding="UTF-8"?>
<!-- Generated by org.testng.reporters.JUnitReportReporter -->
<testsuite hostname="Workstation-40" failures="0" tests="1" name="TestCases.AUT_CMWeb_Merchandise_NewKeyword" time="34.230" errors="0" timestamp="2021-01-06T10:23:01 PST" skipped="0">
  <testcase classname="TestCases.AUT_CMWeb_Merchandise_NewKeyword" name="main" time="34.230"/>
  <system-out/>
</testsuite> <!-- TestCases.AUT_CMWeb_Merchandise_NewKeyword -->
