<?xml version="1.0" encoding="UTF-8"?>
<!-- Generated by org.testng.reporters.JUnitReportReporter -->
<testsuite hostname="Workstation-40" failures="0" tests="1" name="TestCases.Configuration_Module.MerchandiseSupplier_Tab.AUT_CMWeb_EditMerchSupplier" time="70.111" errors="0" timestamp="2021-04-16T15:15:41 SGT" skipped="0">
  <testcase classname="TestCases.Configuration_Module.MerchandiseSupplier_Tab.AUT_CMWeb_EditMerchSupplier" name="main" time="70.111"/>
  <system-out/>
</testsuite> <!-- TestCases.Configuration_Module.MerchandiseSupplier_Tab.AUT_CMWeb_EditMerchSupplier -->
