<?xml version="1.0" encoding="UTF-8"?>
<!-- Generated by org.testng.reporters.JUnitReportReporter -->
<testsuite hostname="Workstation-40" failures="0" tests="1" name="TestCases.Configuration_Module.User_Tab.AUT_CMWeb_AddUser" time="33.364" errors="0" timestamp="2021-01-11T13:48:44 SGT" skipped="0">
  <testcase classname="TestCases.Configuration_Module.User_Tab.AUT_CMWeb_AddUser" name="main" time="33.364"/>
  <system-out/>
</testsuite> <!-- TestCases.Configuration_Module.User_Tab.AUT_CMWeb_AddUser -->
