<?xml version="1.0" encoding="UTF-8"?>
<!-- Generated by org.testng.reporters.JUnitReportReporter -->
<testsuite hostname="Workstation-40" failures="0" tests="1" name="TestCases.MenuPlan_Module.AUT_CMWeb_DeleteRestaurant" time="54.439" errors="0" timestamp="2021-01-25T09:00:08 SGT" skipped="0">
  <testcase classname="TestCases.MenuPlan_Module.AUT_CMWeb_DeleteRestaurant" name="main" time="54.439"/>
  <system-out/>
</testsuite> <!-- TestCases.MenuPlan_Module.AUT_CMWeb_DeleteRestaurant -->
