<?xml version="1.0" encoding="UTF-8"?>
<!-- Generated by org.testng.reporters.JUnitReportReporter -->
<testsuite hostname="Workstation-40" failures="0" tests="3" name="TestCases.Configuration_Module.Category_Tab.AUT_CMWeb_ManagingMerchandiseCategory" time="218.764" errors="0" timestamp="2021-06-14T12:02:36 SGT" skipped="0">
  <testcase classname="TestCases.Configuration_Module.Category_Tab.AUT_CMWeb_ManagingMerchandiseCategory" name="create" time="77.123"/>
  <system-out/>
  <testcase classname="TestCases.Configuration_Module.Category_Tab.AUT_CMWeb_ManagingMerchandiseCategory" name="search" time="66.823"/>
  <system-out/>
  <testcase classname="TestCases.Configuration_Module.Category_Tab.AUT_CMWeb_ManagingMerchandiseCategory" name="edit" time="74.818"/>
  <system-out/>
</testsuite> <!-- TestCases.Configuration_Module.Category_Tab.AUT_CMWeb_ManagingMerchandiseCategory -->
