<?xml version="1.0" encoding="UTF-8"?>
<!-- Generated by org.testng.reporters.JUnitReportReporter -->
<testsuite hostname="Workstation-40" failures="0" tests="1" name="TestCases.Configuration_Module.NutrientSet_Tab.AUT_CMWeb_CreateNutrientSet" time="35.082" errors="0" timestamp="2021-02-01T16:13:08 SGT" skipped="0">
  <testcase classname="TestCases.Configuration_Module.NutrientSet_Tab.AUT_CMWeb_CreateNutrientSet" name="main" time="35.082"/>
  <system-out/>
</testsuite> <!-- TestCases.Configuration_Module.NutrientSet_Tab.AUT_CMWeb_CreateNutrientSet -->
