<?xml version="1.0" encoding="UTF-8"?>
<!-- Generated by org.testng.reporters.JUnitReportReporter -->
<testsuite hostname="Workstation-40" failures="0" tests="1" name="TestCases.Configuration_Module.Role_Tab.AUT_CMWeb_EditRole" time="27.082" errors="0" timestamp="2021-01-15T15:55:07 SGT" skipped="0">
  <testcase classname="TestCases.Configuration_Module.Role_Tab.AUT_CMWeb_EditRole" name="main" time="27.082"/>
  <system-out/>
</testsuite> <!-- TestCases.Configuration_Module.Role_Tab.AUT_CMWeb_EditRole -->
