<?xml version="1.0" encoding="UTF-8"?>
<!-- Generated by org.testng.reporters.JUnitReportReporter -->
<testsuite hostname="Workstation-40" failures="0" tests="1" name="TestCases.Configuration_Module.Property_Tab.AUT_CMWeb_EditProperty" time="32.404" errors="0" timestamp="2021-03-24T15:35:15 SGT" skipped="0">
  <testcase classname="TestCases.Configuration_Module.Property_Tab.AUT_CMWeb_EditProperty" name="main" time="32.404"/>
  <system-out/>
</testsuite> <!-- TestCases.Configuration_Module.Property_Tab.AUT_CMWeb_EditProperty -->
