<?xml version="1.0" encoding="UTF-8"?>
<!-- Generated by org.testng.reporters.JUnitReportReporter -->
<testsuite hostname="Workstation-40" failures="0" tests="1" name="TestCases.Configuration_Module.Role_Tab.AUT_CMWeb_EditRole" time="29.765" errors="0" timestamp="2021-04-15T10:06:25 SGT" skipped="0">
  <testcase classname="TestCases.Configuration_Module.Role_Tab.AUT_CMWeb_EditRole" name="main" time="29.765"/>
  <system-out/>
</testsuite> <!-- TestCases.Configuration_Module.Role_Tab.AUT_CMWeb_EditRole -->
