<?xml version="1.0" encoding="UTF-8"?>
<!-- Generated by org.testng.reporters.JUnitReportReporter -->
<testsuite hostname="Workstation-40" failures="0" tests="1" name="TestCases.AUT_CMWeb_ViewRecipe" time="11.801" errors="0" timestamp="2021-01-07T11:26:37 SGT" skipped="0">
  <testcase classname="TestCases.AUT_CMWeb_ViewRecipe" name="main" time="11.801"/>
  <system-out/>
</testsuite> <!-- TestCases.AUT_CMWeb_ViewRecipe -->
