<?xml version="1.0" encoding="UTF-8"?>
<!-- Generated by org.testng.reporters.JUnitReportReporter -->
<testsuite hostname="Workstation-40" failures="0" tests="1" name="TestCases.Configuration_Module.Publication_Tab.AUT_CMWeb_CreateNewRecipePublication" time="92.392" errors="0" timestamp="2021-02-24T14:06:25 SGT" skipped="0">
  <testcase classname="TestCases.Configuration_Module.Publication_Tab.AUT_CMWeb_CreateNewRecipePublication" name="main" time="92.392"/>
  <system-out/>
</testsuite> <!-- TestCases.Configuration_Module.Publication_Tab.AUT_CMWeb_CreateNewRecipePublication -->
