<?xml version="1.0" encoding="UTF-8"?>
<!-- Generated by org.testng.reporters.JUnitReportReporter -->
<testsuite hostname="Workstation-40" failures="0" tests="1" name="TestCases.AUT_CMWeb_SearchMerchandise" time="15.441" errors="0" timestamp="2021-01-06T11:37:43 SGT" skipped="0">
  <testcase classname="TestCases.AUT_CMWeb_SearchMerchandise" name="main" time="15.441"/>
  <system-out/>
</testsuite> <!-- TestCases.AUT_CMWeb_SearchMerchandise -->
