<?xml version="1.0" encoding="UTF-8"?>
<!-- Generated by org.testng.reporters.JUnitReportReporter -->
<testsuite hostname="Workstation-40" failures="0" tests="1" name="TestCases.Configuration_Module.ProductionLoc_Tab.AUT_CMWeb_CreateProductionLocation" time="101.910" errors="0" timestamp="2021-03-08T15:40:51 SGT" skipped="0">
  <testcase classname="TestCases.Configuration_Module.ProductionLoc_Tab.AUT_CMWeb_CreateProductionLocation" name="main" time="101.910"/>
  <system-out/>
</testsuite> <!-- TestCases.Configuration_Module.ProductionLoc_Tab.AUT_CMWeb_CreateProductionLocation -->
