<?xml version="1.0" encoding="UTF-8"?>
<!-- Generated by org.testng.reporters.JUnitReportReporter -->
<testsuite hostname="Workstation-40" failures="0" tests="1" name="TestCases.Configuration_Module.Brand_Tab.AUT_CMWeb_DeleteMerchandiseBrand" time="84.011" errors="0" timestamp="2021-02-11T15:55:27 SGT" skipped="0">
  <testcase classname="TestCases.Configuration_Module.Brand_Tab.AUT_CMWeb_DeleteMerchandiseBrand" name="main" time="84.011"/>
  <system-out/>
</testsuite> <!-- TestCases.Configuration_Module.Brand_Tab.AUT_CMWeb_DeleteMerchandiseBrand -->
