<?xml version="1.0" encoding="UTF-8"?>
<!-- Generated by org.testng.reporters.JUnitReportReporter -->
<testsuite hostname="Workstation-40" failures="0" tests="1" name="TestCases.Configuration_Module.Breadcrumbs_Tab.AUT_CMWeb_DeleteBreadcrumbs" time="58.580" errors="0" timestamp="2021-04-29T13:52:10 SGT" skipped="0">
  <testcase classname="TestCases.Configuration_Module.Breadcrumbs_Tab.AUT_CMWeb_DeleteBreadcrumbs" name="main" time="58.580"/>
  <system-out/>
</testsuite> <!-- TestCases.Configuration_Module.Breadcrumbs_Tab.AUT_CMWeb_DeleteBreadcrumbs -->
