<?xml version="1.0" encoding="UTF-8"?>
<!-- Generated by org.testng.reporters.JUnitReportReporter -->
<testsuite hostname="Workstation-40" failures="0" tests="1" name="TestCases.Configuration_Module.NutrientSet_Tab.AUT_CMWeb_SearchPurchasingSetofPrice" time="30.149" errors="0" timestamp="2021-02-01T16:20:15 SGT" skipped="0">
  <testcase classname="TestCases.Configuration_Module.NutrientSet_Tab.AUT_CMWeb_SearchPurchasingSetofPrice" name="main" time="30.149"/>
  <system-out/>
</testsuite> <!-- TestCases.Configuration_Module.NutrientSet_Tab.AUT_CMWeb_SearchPurchasingSetofPrice -->
