<?xml version="1.0" encoding="UTF-8"?>
<!-- Generated by org.testng.reporters.JUnitReportReporter -->
<testsuite hostname="Workstation-40" failures="0" tests="1" name="TestCases.Configuration_Module.RecipeTime_Tab.AUT_CMWeb_EditRecipeTime" time="82.118" errors="0" timestamp="2021-03-01T16:44:31 SGT" skipped="0">
  <testcase classname="TestCases.Configuration_Module.RecipeTime_Tab.AUT_CMWeb_EditRecipeTime" name="main" time="82.118"/>
  <system-out/>
</testsuite> <!-- TestCases.Configuration_Module.RecipeTime_Tab.AUT_CMWeb_EditRecipeTime -->
