<?xml version="1.0" encoding="UTF-8"?>
<!-- Generated by org.testng.reporters.JUnitReportReporter -->
<testsuite hostname="Workstation-40" failures="0" tests="1" name="TestCases.Configuration_Module.TaxRates_Tab.AUT_CMWeb_EditTaxRates" time="77.271" errors="0" timestamp="2021-02-08T11:11:08 SGT" skipped="0">
  <testcase classname="TestCases.Configuration_Module.TaxRates_Tab.AUT_CMWeb_EditTaxRates" name="main" time="77.271"/>
  <system-out/>
</testsuite> <!-- TestCases.Configuration_Module.TaxRates_Tab.AUT_CMWeb_EditTaxRates -->
