<?xml version="1.0" encoding="UTF-8"?>
<!-- Generated by org.testng.reporters.JUnitReportReporter -->
<testsuite hostname="Workstation-40" failures="0" tests="1" name="TestCases.Configuration_Module.TaxRates_Tab.AUT_CMWeb_CreateTaxRates" time="78.490" errors="0" timestamp="2021-02-05T13:53:05 SGT" skipped="0">
  <testcase classname="TestCases.Configuration_Module.TaxRates_Tab.AUT_CMWeb_CreateTaxRates" name="main" time="78.490"/>
  <system-out/>
</testsuite> <!-- TestCases.Configuration_Module.TaxRates_Tab.AUT_CMWeb_CreateTaxRates -->
