<?xml version="1.0" encoding="UTF-8"?>
<!-- Generated by org.testng.reporters.JUnitReportReporter -->
<testsuite hostname="Workstation-40" failures="0" tests="1" name="TestCases.Configuration_Module.Site_Tab.AUT_CMWeb_EditSite" time="26.841" errors="0" timestamp="2021-01-15T09:46:52 SGT" skipped="0">
  <testcase classname="TestCases.Configuration_Module.Site_Tab.AUT_CMWeb_EditSite" name="main" time="26.841"/>
  <system-out/>
</testsuite> <!-- TestCases.Configuration_Module.Site_Tab.AUT_CMWeb_EditSite -->
