<?xml version="1.0" encoding="UTF-8"?>
<!-- Generated by org.testng.reporters.JUnitReportReporter -->
<testsuite hostname="Workstation-40" failures="0" tests="1" name="TestCases.Configuration_Module.Brand_Tab.AUT_CMWeb_EditMerchandiseBrand" time="79.647" errors="0" timestamp="2021-02-11T13:38:07 SGT" skipped="0">
  <testcase classname="TestCases.Configuration_Module.Brand_Tab.AUT_CMWeb_EditMerchandiseBrand" name="main" time="79.647"/>
  <system-out/>
</testsuite> <!-- TestCases.Configuration_Module.Brand_Tab.AUT_CMWeb_EditMerchandiseBrand -->
