<?xml version="1.0" encoding="UTF-8"?>
<!-- Generated by org.testng.reporters.JUnitReportReporter -->
<testsuite hostname="Workstation-40" failures="0" tests="1" name="TestCases.Configuration_Module.TaxRates_Tab.AUT_CMWeb_DeleteTaxRates" time="83.460" errors="0" timestamp="2021-02-08T13:38:07 SGT" skipped="0">
  <testcase classname="TestCases.Configuration_Module.TaxRates_Tab.AUT_CMWeb_DeleteTaxRates" name="main" time="83.460"/>
  <system-out/>
</testsuite> <!-- TestCases.Configuration_Module.TaxRates_Tab.AUT_CMWeb_DeleteTaxRates -->
