<?xml version="1.0" encoding="UTF-8"?>
<!-- Generated by org.testng.reporters.JUnitReportReporter -->
<testsuite hostname="Workstation-40" failures="0" tests="1" name="TestCases.Configuration_Module.Kiosk_Tab.AUT_CMWeb_EditKiosk" time="69.963" errors="0" timestamp="2021-03-22T15:53:23 SGT" skipped="0">
  <testcase classname="TestCases.Configuration_Module.Kiosk_Tab.AUT_CMWeb_EditKiosk" name="main" time="69.963"/>
  <system-out/>
</testsuite> <!-- TestCases.Configuration_Module.Kiosk_Tab.AUT_CMWeb_EditKiosk -->
