<?xml version="1.0" encoding="UTF-8"?>
<!-- Generated by org.testng.reporters.JUnitReportReporter -->
<testsuite hostname="Workstation-40" failures="0" tests="1" name="TestCases.Configuration_Module.NutrientSet_Tab.AUT_CMWeb_DeleteNutrientSet" time="46.200" errors="0" timestamp="2021-02-02T13:09:06 SGT" skipped="0">
  <testcase classname="TestCases.Configuration_Module.NutrientSet_Tab.AUT_CMWeb_DeleteNutrientSet" name="main" time="46.200"/>
  <system-out/>
</testsuite> <!-- TestCases.Configuration_Module.NutrientSet_Tab.AUT_CMWeb_DeleteNutrientSet -->
