<?xml version="1.0" encoding="UTF-8"?>
<!-- Generated by org.testng.reporters.JUnitReportReporter -->
<testsuite hostname="Workstation-40" failures="0" tests="1" name="TestCases.Recipe_Module.AUT_CMWeb_CreateNewRecipe" time="39.189" errors="0" timestamp="2021-01-14T11:48:07 SGT" skipped="0">
  <testcase classname="TestCases.Recipe_Module.AUT_CMWeb_CreateNewRecipe" name="main" time="39.189"/>
  <system-out/>
</testsuite> <!-- TestCases.Recipe_Module.AUT_CMWeb_CreateNewRecipe -->
