<?xml version="1.0" encoding="UTF-8"?>
<!-- Generated by org.testng.reporters.JUnitReportReporter -->
<testsuite hostname="Workstation-40" failures="0" tests="1" name="TestCases.AUT_CMWeb_EditSite" time="19.382" errors="0" timestamp="2021-01-07T11:29:56 SGT" skipped="0">
  <testcase classname="TestCases.AUT_CMWeb_EditSite" name="main" time="19.382"/>
  <system-out/>
</testsuite> <!-- TestCases.AUT_CMWeb_EditSite -->
