<?xml version="1.0" encoding="UTF-8"?>
<!-- Generated by org.testng.reporters.JUnitReportReporter -->
<testsuite hostname="Workstation-40" failures="0" tests="1" name="TestCases.Configuration_Module.RecipeCertification_Tab.AUT_CMWeb_CreateNewRecipeCertification" time="90.719" errors="0" timestamp="2021-03-16T15:57:50 SGT" skipped="0">
  <testcase classname="TestCases.Configuration_Module.RecipeCertification_Tab.AUT_CMWeb_CreateNewRecipeCertification" name="main" time="90.719"/>
  <system-out/>
</testsuite> <!-- TestCases.Configuration_Module.RecipeCertification_Tab.AUT_CMWeb_CreateNewRecipeCertification -->
