<?xml version="1.0" encoding="UTF-8"?>
<!-- Generated by org.testng.reporters.JUnitReportReporter -->
<testsuite hostname="Workstation-40" failures="0" tests="1" name="TestCases.Configuration_Module.PurchasingSet_Tab.AUT_CMWeb_CreatePurchasingSetofPrice" time="123.780" errors="0" timestamp="2021-02-03T14:45:04 SGT" skipped="0">
  <testcase classname="TestCases.Configuration_Module.PurchasingSet_Tab.AUT_CMWeb_CreatePurchasingSetofPrice" name="main" time="123.780"/>
  <system-out/>
</testsuite> <!-- TestCases.Configuration_Module.PurchasingSet_Tab.AUT_CMWeb_CreatePurchasingSetofPrice -->
