<?xml version="1.0" encoding="UTF-8"?>
<!-- Generated by org.testng.reporters.JUnitReportReporter -->
<testsuite hostname="Workstation-40" failures="0" tests="1" name="Automation.ExtentReportDemo" time="0.953" errors="0" timestamp="2021-04-26T13:25:38 SGT" skipped="0">
  <testcase classname="Automation.ExtentReportDemo" name="loginTest" time="0.953"/>
  <system-out/>
</testsuite> <!-- Automation.ExtentReportDemo -->
