<?xml version="1.0" encoding="UTF-8"?>
<!-- Generated by org.testng.reporters.JUnitReportReporter -->
<testsuite hostname="Workstation-40" failures="0" tests="1" name="TestCases.Configuration_Module.RecipeCertification_Tab.AUT_CMWeb_EditRecipeRecipeCertification" time="78.042" errors="0" timestamp="2021-03-17T11:45:32 SGT" skipped="0">
  <testcase classname="TestCases.Configuration_Module.RecipeCertification_Tab.AUT_CMWeb_EditRecipeRecipeCertification" name="main" time="78.042"/>
  <system-out/>
</testsuite> <!-- TestCases.Configuration_Module.RecipeCertification_Tab.AUT_CMWeb_EditRecipeRecipeCertification -->
